<?xml version="1.0" encoding="UTF-8"?>
<!-- Generated by org.testng.reporters.JUnitReportReporter -->
<testsuite hostname="INMFQAIQE" failures="0" tests="2" name="com.makemytrip.testcases.SearchDateTest" time="204.168" errors="0" timestamp="2023-05-22T11:48:54 IST" skipped="0">
  <testcase classname="com.makemytrip.testcases.SearchDateTest" name="searchDate" time="142.277"/>
  <system-out>
    <![CDATA[test on started
success ]]>
  </system-out>
  <testcase classname="com.makemytrip.testcases.SearchDateTest" name="searchDate" time="61.891"/>
  <system-out>
    <![CDATA[test on started
success ]]>
  </system-out>
</testsuite> <!-- com.makemytrip.testcases.SearchDateTest -->
